{
  "stats": {
    "suites": 1,
    "tests": 2,
    "passes": 1,
    "pending": 0,
    "failures": 1,
    "start": "2021-08-14T01:50:54.399Z",
    "end": "2021-08-14T01:51:14.199Z",
    "duration": 19800,
    "testsRegistered": 2,
    "passPercent": 50,
    "pendingPercent": 0,
    "other": 0,
    "hasOther": false,
    "skipped": 0,
    "hasSkipped": false
  },
  "results": [
    {
      "uuid": "72151a0a-e3d2-4cee-9035-dffa0f8dffef",
      "title": "",
      "fullFile": "cypress/integration/developerMode.spec.js",
      "file": "cypress/integration/developerMode.spec.js",
      "beforeHooks": [],
      "afterHooks": [],
      "tests": [],
      "suites": [
        {
          "uuid": "5449b607-037f-424d-a25b-a0a44e15eb10",
          "title": "3 - Verifica os multi-ambientes e modo de desenvolvimento",
          "fullFile": "",
          "file": "",
          "beforeHooks": [],
          "afterHooks": [],
          "tests": [
            {
              "title": "Será validado que a tag de desenvolvimento foi encontrada no frontend de desenvolvimento",
              "fullTitle": "3 - Verifica os multi-ambientes e modo de desenvolvimento Será validado que a tag de desenvolvimento foi encontrada no frontend de desenvolvimento",
              "timedOut": null,
              "duration": 3074,
              "state": "passed",
              "speed": "slow",
              "pass": true,
              "fail": false,
              "pending": false,
              "context": null,
              "code": "cy.visit(FRONT_URL);\ncy.contains(\"Em desenvolvimento\").should(\"exist\");",
              "err": {},
              "uuid": "a08c5ca8-6136-4ee7-b5c1-c3ba6ac7577a",
              "parentUUID": "5449b607-037f-424d-a25b-a0a44e15eb10",
              "isHook": false,
              "skipped": false
            },
            {
              "title": "Será validado que a tag de desenvolvimento não existe no frontend de produção",
              "fullTitle": "3 - Verifica os multi-ambientes e modo de desenvolvimento Será validado que a tag de desenvolvimento não existe no frontend de produção",
              "timedOut": null,
              "duration": 12838,
              "state": "failed",
              "speed": null,
              "pass": false,
              "fail": true,
              "pending": false,
              "context": null,
              "code": "cy.visit(FRONT_URL_PROD);\ncy.contains(\"Em desenvolvimento\").should(\"not.exist\");",
              "err": {
                "message": "AssertionError: Timed out retrying: Expected not to find content: 'Em desenvolvimento' but continuously found it.",
                "estack": "AssertionError: Timed out retrying: Expected not to find content: 'Em desenvolvimento' but continuously found it.\n    at Context.eval (https://thamiryssantos-pd.herokuapp.com/__cypress/tests?p=cypress/integration/developerMode.spec.js:108:39)",
                "diff": null
              },
              "uuid": "0de00b97-deb4-46ef-90d2-8407419dab68",
              "parentUUID": "5449b607-037f-424d-a25b-a0a44e15eb10",
              "isHook": false,
              "skipped": false
            }
          ],
          "suites": [],
          "passes": [
            "a08c5ca8-6136-4ee7-b5c1-c3ba6ac7577a"
          ],
          "failures": [
            "0de00b97-deb4-46ef-90d2-8407419dab68"
          ],
          "pending": [],
          "skipped": [],
          "duration": 15912,
          "root": false,
          "rootEmpty": false,
          "_timeout": 2000
        }
      ],
      "passes": [],
      "failures": [],
      "pending": [],
      "skipped": [],
      "duration": 0,
      "root": true,
      "rootEmpty": true,
      "_timeout": 2000
    }
  ],
  "meta": {
    "mocha": {
      "version": "7.0.1"
    },
    "mochawesome": {
      "options": {
        "quiet": false,
        "reportFilename": "mochawesome",
        "saveHtml": false,
        "saveJson": true,
        "consoleReporter": "spec",
        "useInlineDiffs": false
      },
      "version": "4.1.0"
    },
    "marge": {
      "options": {
        "id": "default",
        "reportDir": "cypress/reports",
        "overwrite": false,
        "html": false,
        "json": true
      },
      "version": "4.1.0"
    }
  }
}